<?xml version="1.0" encoding="utf-8"?><testsuites name="pytest tests"><testsuite name="pytest" errors="0" failures="0" skipped="0" tests="38" time="1.018" timestamp="2026-09-09T13:03:07.624077+12:00" hostname="localhost"><testcase classname="tests.test_pipeline" name="test_reference_is_discovered_not_hardcoded" time="0.005" /><testcase classname="tests.test_pipeline" name="test_missing_reference_stops_instead_of_guessing" time="0.001" /><testcase classname="tests.test_pipeline" name="test_valid_later_date_is_not_restricted_to_january" time="0.024" /><testcase classname="tests.test_pipeline" name="test_bad_dates_are_rejected[2012-13]" time="0.017" /><testcase classname="tests.test_pipeline" name="test_bad_dates_are_rejected[2012-1]" time="0.015" /><testcase classname="tests.test_pipeline" name="test_bad_dates_are_rejected[2012/01]" time="0.015" /><testcase classname="tests.test_pipeline" name="test_bad_dates_are_rejected[2012-01-01]" time="0.015" /><testcase classname="tests.test_pipeline" name="test_bad_dates_are_rejected[not a date]" time="0.015" /><testcase classname="tests.test_pipeline" name="test_bad_dates_are_rejected[]" time="0.015" /><testcase classname="tests.test_pipeline" name="test_new_storey_band_is_not_falsely_rebinned" time="0.015" /><testcase classname="tests.test_pipeline" name="test_all_validation_failures_are_kept" time="0.015" /><testcase classname="tests.test_pipeline" name="test_normalization_does_not_change_semantic_identity" time="0.017" /><testcase classname="tests.test_pipeline" name="test_lease_uses_transaction_month_and_january_start" time="0.017" /><testcase classname="tests.test_pipeline" name="test_future_expired_or_invalid_lease_is_rejected[2013]" time="0.015" /><testcase classname="tests.test_pipeline" name="test_future_expired_or_invalid_lease_is_rejected[1913]" time="0.015" /><testcase classname="tests.test_pipeline" name="test_future_expired_or_invalid_lease_is_rejected[1980.5]" time="0.015" /><testcase classname="tests.test_pipeline" name="test_future_expired_or_invalid_lease_is_rejected[bad]" time="0.015" /><testcase classname="tests.test_pipeline" name="test_invalid_money_is_rejected[0]" time="0.000" /><testcase classname="tests.test_pipeline" name="test_invalid_money_is_rejected[-1]" time="0.000" /><testcase classname="tests.test_pipeline" name="test_invalid_money_is_rejected[NaN]" time="0.000" /><testcase classname="tests.test_pipeline" name="test_invalid_money_is_rejected[Infinity]" time="0.000" /><testcase classname="tests.test_pipeline" name="test_invalid_money_is_rejected[230000.001]" time="0.000" /><testcase classname="tests.test_pipeline" name="test_invalid_money_is_rejected[abc]" time="0.000" /><testcase classname="tests.test_pipeline" name="test_money_keeps_cents_exact" time="0.000" /><testcase classname="tests.test_pipeline" name="test_provided_lease_formats_and_bounds" time="0.000" /><testcase classname="tests.test_pipeline" name="test_max_price_and_deterministic_tie_break" time="0.020" /><testcase classname="tests.test_pipeline" name="test_composite_key_includes_optional_source_attributes" time="0.019" /><testcase classname="tests.test_pipeline" name="test_key_is_not_delimiter_concatenation" time="0.017" /><testcase classname="tests.test_pipeline" name="test_price_outlier_is_flagged_with_peer_evidence" time="0.026" /><testcase classname="tests.test_pipeline" name="test_sparse_or_zero_spread_groups_are_unassessed" time="0.024" /><testcase classname="tests.test_pipeline" name="test_identifier_examples_padding_truncation_and_average" time="0.020" /><testcase classname="tests.test_pipeline" name="test_hashing_short_codes_does_not_hide_collisions" time="0.019" /><testcase classname="tests.test_pipeline" name="test_record_hash_ignores_price_but_not_source_business_attributes" time="0.032" /><testcase classname="tests.test_pipeline" name="test_profile_supports_zero_quarantine_rows" time="0.001" /><testcase classname="tests.test_pipeline" name="test_offline_pipeline_preserves_raw_bytes_unions_schema_and_reconciles" time="0.326" /><testcase classname="tests.test_pipeline" name="test_no_output_inside_raw_or_raw_inside_output" time="0.001" /><testcase classname="tests.test_pipeline" name="test_missing_required_column_fails_fast" time="0.001" /><testcase classname="tests.test_pipeline" name="test_duplicate_csv_header_fails_fast" time="0.001" /></testsuite></testsuites>